<?xml version="1.0" encoding="UTF-8"?>
<!-- Generated by org.testng.reporters.JUnitReportReporter -->
<testsuite skipped="0" hostname="DESKTOP-VPBLA7M" name="testCases.TC_AccountRegistration_002" tests="1" failures="0" timestamp="2023-12-02T21:05:57 EST" time="4.613" errors="0">
  <testcase name="testAccountRegistration1" time="4.613" classname="testCases.TC_AccountRegistration_002"/>
  <system-out/>
</testsuite> <!-- testCases.TC_AccountRegistration_002 -->
