<?xml version="1.0" encoding="UTF-8"?>
<!-- Generated by org.testng.reporters.JUnitReportReporter -->
<testsuite skipped="0" hostname="DESKTOP-VPBLA7M" name="testCases.TC_AccountRegistration_001" tests="1" failures="0" timestamp="2023-12-03T17:41:21 EST" time="4.736" errors="0">
  <testcase name="testAccountRegistration" time="4.736" classname="testCases.TC_AccountRegistration_001"/>
  <system-out/>
</testsuite> <!-- testCases.TC_AccountRegistration_001 -->
