<?xml version="1.0" encoding="UTF-8"?>
<!-- Generated by org.testng.reporters.JUnitReportReporter -->
<testsuite skipped="0" hostname="DESKTOP-VPBLA7M" name="testCases.TC_AccountLogin_003" tests="1" failures="0" timestamp="2023-12-02T21:05:57 EST" time="0.551" errors="0">
  <testcase name="testlogin" time="0.551" classname="testCases.TC_AccountLogin_003"/>
  <system-out/>
</testsuite> <!-- testCases.TC_AccountLogin_003 -->
