<?xml version="1.0" encoding="UTF-8"?>
<!-- Generated by org.testng.reporters.JUnitReportReporter -->
<testsuite skipped="0" hostname="DESKTOP-VPBLA7M" name="testCases.TC_LoginPage_004" tests="2" failures="0" timestamp="2023-12-03T17:45:45 EST" time="7.446" errors="0">
  <testcase name="testMarketplacefeature" time="1.714" classname="testCases.TC_LoginPage_004"/>
  <system-out/>
  <testcase name="testLogin" time="5.732" classname="testCases.TC_LoginPage_004"/>
  <system-out/>
</testsuite> <!-- testCases.TC_LoginPage_004 -->
